2025-07-12 16:48:00.111 | INFO     | utils_logger:<module>:41 - Logging to file: logs/project_log.log
2025-07-12 16:48:00.111 | INFO     | __main__:main:97 - Starting CSV fetch demonstration...
2025-07-12 16:48:00.111 | INFO     | __main__:fetch_csv_file:56 - Fetching CSV data from https://raw.githubusercontent.com/MainakRepositor/Datasets/master/World%20Happiness%20Data/2020.csv...
2025-07-12 16:48:00.426 | INFO     | __main__:write_csv_file:80 - Writing CSV data to example_data/2020_happiness.csv...
2025-07-12 16:48:00.427 | INFO     | __main__:write_csv_file:84 - SUCCESS: CSV data written to example_data/2020_happiness.csv
2025-07-12 16:48:00.427 | INFO     | __main__:fetch_csv_file:60 - SUCCESS: CSV file fetched and saved as 2020_happiness.csv
2025-07-12 16:52:09.523 | INFO     | utils_logger:<module>:41 - Logging to file: logs/project_log.log
2025-07-12 16:52:09.524 | INFO     | __main__:main:97 - Starting Excel fetch demonstration...
2025-07-12 16:52:09.524 | INFO     | __main__:fetch_excel_file:56 - Fetching Excel data from https://raw.githubusercontent.com/denisecase/datafun-03-analytics/main/hosted/Feedback.xlsx...
2025-07-12 16:52:09.719 | INFO     | __main__:write_excel_file:80 - Writing Excel data to raw_data/Feedback.xlsx...
2025-07-12 16:52:09.721 | INFO     | __main__:write_excel_file:84 - SUCCESS: Excel data written to raw_data/Feedback.xlsx
2025-07-12 16:52:09.721 | INFO     | __main__:fetch_excel_file:60 - SUCCESS: Excel file fetched and saved as Feedback.xlsx
2025-07-12 16:55:58.106 | INFO     | utils_logger:<module>:41 - Logging to file: logs/project_log.log
2025-07-12 16:55:58.106 | INFO     | __main__:main:98 - Starting JSON fetch demonstration...
2025-07-12 16:55:58.106 | INFO     | __main__:fetch_json_file:57 - Fetching JSON data from http://api.open-notify.org/astros.json...
2025-07-12 16:56:05.484 | INFO     | __main__:write_json_file:81 - Writing JSON data to raw_data/astros.json...
2025-07-12 16:56:05.485 | INFO     | __main__:write_json_file:85 - SUCCESS: JSON data written to raw_data/astros.json
2025-07-12 16:56:05.485 | INFO     | __main__:fetch_json_file:61 - SUCCESS: JSON file fetched and saved as astros.json
2025-07-12 17:00:14.465 | INFO     | utils_logger:<module>:41 - Logging to file: logs/project_log.log
2025-07-12 17:00:14.465 | INFO     | __main__:main:97 - Starting text fetch demonstration...
2025-07-12 17:00:14.465 | INFO     | __main__:fetch_txt_file:56 - Fetching text data from https://raw.githubusercontent.com/denisecase/datafun-03-analytics/main/hosted/romeo.txt...
2025-07-12 17:00:14.815 | INFO     | __main__:write_txt_file:80 - Writing data to raw_data/romeo.txt...
2025-07-12 17:00:14.818 | INFO     | __main__:write_txt_file:84 - SUCCESS: Data written to raw_data/romeo.txt
2025-07-12 17:00:14.819 | INFO     | __main__:fetch_txt_file:60 - SUCCESS: Text file fetched and saved as romeo.txt
2025-07-12 17:21:16.663 | INFO     | utils_logger:<module>:41 - Logging to file: logs/project_log.log
2025-07-12 17:21:16.664 | INFO     | __main__:<module>:89 - Starting CSV processing...
2025-07-12 17:21:16.664 | ERROR    | __main__:analyze_ladder_score:57 - Error processing CSV file: [Errno 2] No such file or directory: 'raw_data/2020_happiness.csv'
2025-07-12 17:22:02.287 | INFO     | utils_logger:<module>:41 - Logging to file: logs/project_log.log
2025-07-12 17:22:02.287 | INFO     | __main__:<module>:89 - Starting CSV processing...
2025-07-12 17:22:02.287 | ERROR    | __main__:analyze_ladder_score:57 - Error processing CSV file: [Errno 2] No such file or directory: 'raw_data/2020_happiness.csv'
2025-07-12 17:26:36.436 | INFO     | utils_logger:<module>:41 - Logging to file: logs/project_log.log
2025-07-12 17:26:36.436 | INFO     | __main__:<module>:89 - Starting CSV processing...
2025-07-12 17:26:36.437 | INFO     | __main__:process_csv_file:82 - Processed CSV file: raw_data/2020_happiness.csv, Statistics saved to: processed_data/happiness_ladder_score_stats.txt
2025-07-12 17:26:36.437 | INFO     | __main__:<module>:91 - CSV processing complete.
2025-07-12 17:32:55.356 | INFO     | utils_logger:<module>:41 - Logging to file: logs/project_log.log
2025-07-12 17:32:55.357 | INFO     | __main__:<module>:77 - Starting Excel processing...
2025-07-12 17:32:55.366 | INFO     | __main__:process_excel_file:70 - Processed Excel file: raw_data/Feedback.xlsx, Word count saved to: processed_data/excel_feedback_Microsoft_count.txt
2025-07-12 17:32:55.366 | INFO     | __main__:<module>:79 - Excel processing complete.
2025-07-12 17:36:39.788 | INFO     | utils_logger:<module>:41 - Logging to file: logs/project_log.log
2025-07-12 17:36:39.788 | INFO     | __main__:<module>:110 - Starting JSON processing...
2025-07-12 17:36:39.788 | INFO     | __main__:process_json_file:103 - Processed JSON file: raw_data/astros.json, Results saved to: processed_data/json_astronauts_by_craft.txt
2025-07-12 17:36:39.788 | INFO     | __main__:<module>:112 - JSON processing complete.
2025-07-12 17:40:52.575 | INFO     | utils_logger:<module>:41 - Logging to file: logs/project_log.log
2025-07-12 17:40:52.576 | INFO     | __main__:<module>:66 - Starting text processing...
2025-07-12 17:40:52.576 | INFO     | __main__:process_text_file:59 - Processed text file: raw_data/romeo.txt, Word count saved to: processed_data/text_shall_word_count.txt
2025-07-12 17:40:52.576 | INFO     | __main__:<module>:68 - Text processing complete.
